{
  "0 debug pnpm:scope": {
    "selected": 1
  },
  "1 error pnpm": {
    "code": "ELIFECYCLE",
    "errno": "ENOENT",
    "syscall": "spawn",
    "file": "sh",
    "pkgid": "birthday@0.0.0",
    "stage": "build",
    "script": "vite build",
    "pkgname": "birthday",
    "err": {
      "name": "pnpm",
      "message": "birthday@0.0.0 build: `vite build`\nspawn ENOENT",
      "code": "ELIFECYCLE",
      "stack": "pnpm: birthday@0.0.0 build: `vite build`\nspawn ENOENT\n    at ChildProcess.<anonymous> (/Users/jojoyawson/pnpm-global/5/node_modules/.pnpm/pnpm@6.32.4/node_modules/pnpm/dist/pnpm.cjs:92290:22)\n    at ChildProcess.emit (node:events:526:28)\n    at maybeClose (node:internal/child_process:1092:16)\n    at Process.ChildProcess._handle.onexit (node:internal/child_process:302:5)"
    }
  },
  "2 warn pnpm:global": " Local package.json exists, but node_modules missing, did you mean to install?"
}